<?xml version="1.0" encoding="UTF-8"?>
<!-- Generated by org.testng.reporters.JUnitReportReporter -->
<testsuite hostname="LAPTOP-E5USAVKI" failures="0" tests="3" name="TestScript.IgnoreTC" time="0.015" errors="0" timestamp="2023-09-24T15:16:23 IST" skipped="1">
  <testcase classname="TestScript.IgnoreTC" name="home" time="0.013"/>
  <system-out/>
  <testcase classname="TestScript.IgnoreTC" name="logout" time="0.002"/>
  <system-out/>
  <testcase classname="TestScript.IgnoreTC" name="login">
    <skipped/>
  </testcase> <!-- login -->
  <system-out/>
</testsuite> <!-- TestScript.IgnoreTC -->
