<?xml version="1.0" encoding="UTF-8"?>
<!-- Generated by org.testng.reporters.JUnitReportReporter -->
<testsuite hostname="LAPTOP-E5USAVKI" failures="0" tests="1" name="GroupExecution.TC_04" time="12.371" errors="0" timestamp="2023-09-24T15:50:31 IST" skipped="0">
  <testcase classname="GroupExecution.TC_04" name="Myntra" time="12.371"/>
  <system-out/>
</testsuite> <!-- GroupExecution.TC_04 -->
