<?xml version="1.0" encoding="UTF-8"?>
<!-- Generated by org.testng.reporters.JUnitReportReporter -->
<testsuite hostname="LAPTOP-E5USAVKI" failures="0" tests="3" name="TestScript.Testcases" time="0.015" errors="0" timestamp="2023-10-15T21:53:10 IST" skipped="0">
  <testcase classname="TestScript.Testcases" name="home" time="0.012"/>
  <system-out/>
  <testcase classname="TestScript.Testcases" name="login" time="0.002"/>
  <system-out/>
  <testcase classname="TestScript.Testcases" name="logout" time="0.001"/>
  <system-out/>
</testsuite> <!-- TestScript.Testcases -->
