<?xml version="1.0" encoding="UTF-8"?>
<!-- Generated by org.testng.reporters.JUnitReportReporter -->
<testsuite hostname="LAPTOP-E5USAVKI" failures="0" tests="1" name="Listner.DemoListner" time="0.013" errors="0" timestamp="2023-12-25T18:01:56 IST" skipped="0">
  <testcase classname="Listner.DemoListner" name="Testcase" time="0.013"/>
  <system-out/>
</testsuite> <!-- Listner.DemoListner -->
