<?xml version="1.0" encoding="UTF-8"?>
<!-- Generated by org.testng.reporters.JUnitReportReporter -->
<testsuite hostname="LAPTOP-E5USAVKI" failures="0" tests="1" name="TestNgTC.TC_04" time="16.441" errors="0" timestamp="2023-10-08T11:55:12 IST" skipped="0">
  <testcase classname="TestNgTC.TC_04" name="Myntra" time="16.441"/>
  <system-out/>
</testsuite> <!-- TestNgTC.TC_04 -->
