<?xml version="1.0" encoding="UTF-8"?>
<!-- Generated by org.testng.reporters.JUnitReportReporter -->
<testsuite hostname="LAPTOP-E5USAVKI" failures="0" tests="1" name="TestNgTC.Parameter_TestNg" time="0.011" errors="0" timestamp="2023-10-16T15:06:05 IST" skipped="0">
  <testcase classname="TestNgTC.Parameter_TestNg" name="parameter" time="0.011"/>
  <system-out/>
</testsuite> <!-- TestNgTC.Parameter_TestNg -->
