<?xml version="1.0" encoding="UTF-8"?>
<!-- Generated by org.testng.reporters.JUnitReportReporter -->
<testsuite hostname="LAPTOP-E5USAVKI" failures="0" tests="3" name="TestNgTC.SuiteExample_Tc" time="32.938" errors="0" timestamp="2023-10-15T22:41:16 IST" skipped="0">
  <testcase classname="TestNgTC.SuiteExample_Tc" name="opengoogle1" time="2.820"/>
  <system-out/>
  <testcase classname="TestNgTC.SuiteExample_Tc" name="openBing1" time="1.437"/>
  <system-out/>
  <testcase classname="TestNgTC.SuiteExample_Tc" name="openyahoo1" time="28.681"/>
  <system-out/>
</testsuite> <!-- TestNgTC.SuiteExample_Tc -->
