<?xml version="1.0" encoding="UTF-8"?>
<!-- Generated by org.testng.reporters.JUnitReportReporter -->
<testsuite hostname="LAPTOP-E5USAVKI" failures="0" tests="3" name="TestScript.PrioritizeTS" time="0.016" errors="0" timestamp="2023-09-24T15:15:11 IST" skipped="0">
  <testcase classname="TestScript.PrioritizeTS" name="login" time="0.011"/>
  <system-out/>
  <testcase classname="TestScript.PrioritizeTS" name="home" time="0.003"/>
  <system-out/>
  <testcase classname="TestScript.PrioritizeTS" name="logout" time="0.002"/>
  <system-out/>
</testsuite> <!-- TestScript.PrioritizeTS -->
