<?xml version="1.0" encoding="UTF-8"?>
<!-- Generated by org.testng.reporters.JUnitReportReporter -->
<testsuite hostname="LAPTOP-E5USAVKI" failures="0" tests="5" name="TestNgTC.Skipped_TC" time="0.022" errors="0" timestamp="2023-10-15T22:03:17 IST" skipped="1">
  <testcase classname="TestNgTC.Skipped_TC" name="startcar" time="0.015"/>
  <system-out/>
  <testcase classname="TestNgTC.Skipped_TC" name="PutFirstGear" time="0.003"/>
  <system-out/>
  <testcase classname="TestNgTC.Skipped_TC" name="PutThirdGear" time="0.002"/>
  <system-out/>
  <testcase classname="TestNgTC.Skipped_TC" name="MusicOn" time="0.002"/>
  <system-out/>
  <testcase classname="TestNgTC.Skipped_TC" name="PutsecondGear">
    <skipped/>
  </testcase> <!-- PutsecondGear -->
  <system-out/>
</testsuite> <!-- TestNgTC.Skipped_TC -->
