<?xml version="1.0" encoding="UTF-8"?>
<!-- Generated by org.testng.reporters.JUnitReportReporter -->
<testsuite hostname="LAPTOP-E5USAVKI" failures="0" tests="1" name="GroupExecution.TC_03" time="14.608" errors="0" timestamp="2023-09-24T15:49:46 IST" skipped="0">
  <testcase classname="GroupExecution.TC_03" name="Ajio" time="14.608"/>
  <system-out/>
</testsuite> <!-- GroupExecution.TC_03 -->
