<?xml version="1.0" encoding="UTF-8"?>
<!-- Generated by org.testng.reporters.JUnitReportReporter -->
<testsuite hostname="LAPTOP-E5USAVKI" failures="0" tests="2" name="CrossBrowser.Crossbrowser" time="11.883" errors="0" timestamp="2023-09-24T16:18:12 IST" skipped="0">
  <testcase classname="CrossBrowser.Crossbrowser" name="crossbrowser" time="6.968"/>
  <system-out/>
  <testcase classname="CrossBrowser.Crossbrowser" name="crossbrowser" time="4.915"/>
  <system-out/>
</testsuite> <!-- CrossBrowser.Crossbrowser -->
