<?xml version="1.0" encoding="UTF-8"?>
<!-- Generated by org.testng.reporters.JUnitReportReporter -->
<testsuite hostname="LAPTOP-E5USAVKI" failures="0" tests="1" name="TestNgTC.Listener_TC" time="0.014" errors="0" timestamp="2023-10-16T17:34:39 IST" skipped="0">
  <testcase classname="TestNgTC.Listener_TC" name="test" time="0.014"/>
  <system-out/>
</testsuite> <!-- TestNgTC.Listener_TC -->
