<?xml version="1.0" encoding="UTF-8"?>
<!-- Generated by org.testng.reporters.JUnitReportReporter -->
<testsuite hostname="LAPTOP-E5USAVKI" failures="0" tests="3" name="TestScript.RunMultitimeTC" time="32.841" errors="0" timestamp="2023-09-24T15:21:00 IST" skipped="0">
  <testcase classname="TestScript.RunMultitimeTC" name="Google" time="11.001"/>
  <system-out/>
  <testcase classname="TestScript.RunMultitimeTC" name="Google" time="10.511"/>
  <system-out/>
  <testcase classname="TestScript.RunMultitimeTC" name="Google" time="11.329"/>
  <system-out/>
</testsuite> <!-- TestScript.RunMultitimeTC -->
