<?xml version="1.0" encoding="UTF-8"?>
<!-- Generated by org.testng.reporters.JUnitReportReporter -->
<testsuite hostname="LAPTOP-E5USAVKI" failures="0" tests="1" name="GroupExecution.TC_02" time="7.857" errors="0" timestamp="2023-09-24T15:50:31 IST" skipped="0">
  <testcase classname="GroupExecution.TC_02" name="Flipkart" time="7.857"/>
  <system-out/>
</testsuite> <!-- GroupExecution.TC_02 -->
