<?xml version="1.0" encoding="UTF-8"?>
<!-- Generated by org.testng.reporters.JUnitReportReporter -->
<testsuite hostname="LAPTOP-E5USAVKI" failures="0" tests="2" name="TestNgTC.Parallel_testNg" time="11.344" errors="0" timestamp="2023-10-16T15:21:37 IST" skipped="0">
  <testcase classname="TestNgTC.Parallel_testNg" name="openBing" time="4.789"/>
  <system-out/>
  <testcase classname="TestNgTC.Parallel_testNg" name="openGoogle" time="6.555"/>
  <system-out/>
</testsuite> <!-- TestNgTC.Parallel_testNg -->
