<?xml version="1.0" encoding="UTF-8"?>
<!-- Generated by org.testng.reporters.JUnitReportReporter -->
<testsuite hostname="LAPTOP-E5USAVKI" failures="0" tests="2" name="TestNgTC.Group_testNg" time="0.014" errors="0" timestamp="2023-10-16T14:53:27 IST" skipped="0">
  <testcase classname="TestNgTC.Group_testNg" name="apple" time="0.002"/>
  <system-out/>
  <testcase classname="TestNgTC.Group_testNg" name="Samsung" time="0.012"/>
  <system-out/>
</testsuite> <!-- TestNgTC.Group_testNg -->
