<?xml version="1.0" encoding="UTF-8"?>
<!-- Generated by org.testng.reporters.JUnitReportReporter -->
<testsuite hostname="LAPTOP-E5USAVKI" failures="0" tests="2" name="TestNgTC.Annotation_Hierarchy" time="0.014" errors="0" timestamp="2023-10-16T15:48:29 IST" skipped="0">
  <testcase classname="TestNgTC.Annotation_Hierarchy" name="Test" time="0.011"/>
  <system-out/>
  <testcase classname="TestNgTC.Annotation_Hierarchy" name="Test1" time="0.003"/>
  <system-out/>
</testsuite> <!-- TestNgTC.Annotation_Hierarchy -->
