<?xml version="1.0" encoding="UTF-8"?>
<!-- Generated by org.testng.reporters.JUnitReportReporter -->
<testsuite hostname="LAPTOP-E5USAVKI" failures="0" tests="4" name="TestNgTC.Priority_TC" time="0.017" errors="0" timestamp="2023-10-15T21:59:49 IST" skipped="0">
  <testcase classname="TestNgTC.Priority_TC" name="startcar" time="0.012"/>
  <system-out/>
  <testcase classname="TestNgTC.Priority_TC" name="PutFirstGear" time="0.002"/>
  <system-out/>
  <testcase classname="TestNgTC.Priority_TC" name="PutsecondGear" time="0.002"/>
  <system-out/>
  <testcase classname="TestNgTC.Priority_TC" name="PutThirdGear" time="0.001"/>
  <system-out/>
</testsuite> <!-- TestNgTC.Priority_TC -->
